
; 64tass Turbo Assembler Macro V1.56.2625 listing file
; 64tass -Wall -a -q -b -c --output=generated/dictionary.bin --list=generated/dictionary.lst generated/dictionary.asm
; Thu Oct  6 16:25:16 2022

;Offset	;Hex		;Monitor	;Source

;******  Processing input file: generated/dictionary.asm

>1000	69 6e 74 65 72 72 75 70			.byte	$69,$6e,$74,$65,$72,$72,$75,$70,$74,$2e,$6f,$66,$66,0
>1008	74 2e 6f 66 66 00
>100e	01					.byte	EndCode1000-*-1
.100f	78		sei			sei
.1010					EndCode1000:
>1010	63 6c 65 61 6e 2e 6d 6f			.byte	$63,$6c,$65,$61,$6e,$2e,$6d,$6f,$64,$75,$6c,$65,0
>1018	64 75 6c 65 00
>101d	02					.byte	EndCode1001-*-1
>101e	a3 05					.byte	$a3,$05
.1020					EndCode1001:
>1020	69 6e 74 65 72 72 75 70			.byte	$69,$6e,$74,$65,$72,$72,$75,$70,$74,$2e,$6f,$6e,0
>1028	74 2e 6f 6e 00
>102d	01					.byte	EndCode1002-*-1
.102e	58		cli			cli
.102f					EndCode1002:
>102f	65 6e 64 70 72 6f 63 00			.byte	$65,$6e,$64,$70,$72,$6f,$63,0
>1037	02					.byte	EndCode1003-*-1
>1038	a3 10					.byte	$a3,$10
.103a					EndCode1003:
>103a	69 6e 6c 69 6e 65 2a 00			.byte	$69,$6e,$6c,$69,$6e,$65,$2a,0
>1042	02					.byte	EndCode1004-*-1
>1043	a3 11					.byte	$a3,$11
.1045					EndCode1004:
>1045	49 5b 79 5d 3d 61 00			.byte	$49,$5b,$79,$5d,$3d,$61,0
>104c	02					.byte	EndCode1005-*-1
.104d	91 63		sta ($63),y		sta  ($63 & $FF),y
.104f					EndCode1005:
>104f	49 5b 79 5d 3d 72 00			.byte	$49,$5b,$79,$5d,$3d,$72,0
>1056	09					.byte	EndCode1006-*-1
.1057	91 63		sta ($63),y		sta  ($63 & $FF),y
.1059	c8		iny			iny
.105a	8a		txa			txa
.105b	91 63		sta ($63),y		sta  ($63 & $FF),y
.105d	88		dey			dey
.105e	b1 63		lda ($63),y		lda  ($63 & $FF),y
.1060					EndCode1006:
>1060	4c 5b 79 5d 3d 61 00			.byte	$4c,$5b,$79,$5d,$3d,$61,0
>1067	02					.byte	EndCode1007-*-1
.1068	91 63		sta ($63),y		sta  ($7363 & $FF),y
.106a					EndCode1007:
>106a	4c 5b 79 5d 3d 72 00			.byte	$4c,$5b,$79,$5d,$3d,$72,0
>1071	09					.byte	EndCode1008-*-1
.1072	91 63		sta ($63),y		sta  ($7363 & $FF),y
.1074	c8		iny			iny
.1075	8a		txa			txa
.1076	91 63		sta ($63),y		sta  ($7363 & $FF),y
.1078	88		dey			dey
.1079	b1 63		lda ($63),y		lda  ($7363 & $FF),y
.107b					EndCode1008:
>107b	61 2d 49 5b 79 5d 00			.byte	$61,$2d,$49,$5b,$79,$5d,0
>1082	03					.byte	EndCode1009-*-1
.1083	38		sec			sec
.1084	f1 63		sbc ($63),y		sbc  ($63& $FF),y
.1086					EndCode1009:
>1086	61 2d 4c 5b 79 5d 00			.byte	$61,$2d,$4c,$5b,$79,$5d,0
>108d	03					.byte	EndCode1010-*-1
.108e	38		sec			sec
.108f	f1 63		sbc ($63),y		sbc  ($7363& $FF),y
.1091					EndCode1010:
>1091	61 5e 49 5b 79 5d 00			.byte	$61,$5e,$49,$5b,$79,$5d,0
>1098	02					.byte	EndCode1011-*-1
.1099	51 63		eor ($63),y		eor  ($63 & $FF),y
.109b					EndCode1011:
>109b	61 5e 4c 5b 79 5d 00			.byte	$61,$5e,$4c,$5b,$79,$5d,0
>10a2	02					.byte	EndCode1012-*-1
.10a3	51 63		eor ($63),y		eor  ($7363 & $FF),y
.10a5					EndCode1012:
>10a5	61 26 49 5b 79 5d 00			.byte	$61,$26,$49,$5b,$79,$5d,0
>10ac	02					.byte	EndCode1013-*-1
.10ad	31 63		and ($63),y		and  ($63& $FF),y
.10af					EndCode1013:
>10af	61 26 4c 5b 79 5d 00			.byte	$61,$26,$4c,$5b,$79,$5d,0
>10b6	02					.byte	EndCode1014-*-1
.10b7	31 63		and ($63),y		and  ($7363& $FF),y
.10b9					EndCode1014:
>10b9	61 7c 49 5b 79 5d 00			.byte	$61,$7c,$49,$5b,$79,$5d,0
>10c0	02					.byte	EndCode1015-*-1
.10c1	11 63		ora ($63),y		ora  ($63& $FF),y
.10c3					EndCode1015:
>10c3	61 7c 4c 5b 79 5d 00			.byte	$61,$7c,$4c,$5b,$79,$5d,0
>10ca	02					.byte	EndCode1016-*-1
.10cb	11 63		ora ($63),y		ora  ($7363& $FF),y
.10cd					EndCode1016:
>10cd	61 2b 49 5b 79 5d 00			.byte	$61,$2b,$49,$5b,$79,$5d,0
>10d4	03					.byte	EndCode1017-*-1
.10d5	18		clc			clc
.10d6	71 63		adc ($63),y		adc  ($63& $FF),y
.10d8					EndCode1017:
>10d8	61 2b 4c 5b 79 5d 00			.byte	$61,$2b,$4c,$5b,$79,$5d,0
>10df	03					.byte	EndCode1018-*-1
.10e0	18		clc			clc
.10e1	71 63		adc ($63),y		adc  ($7363& $FF),y
.10e3					EndCode1018:
>10e3	61 3d 49 5b 79 5d 00			.byte	$61,$3d,$49,$5b,$79,$5d,0
>10ea	02					.byte	EndCode1019-*-1
.10eb	b1 63		lda ($63),y		lda  ($63 & $FF),y
.10ed					EndCode1019:
>10ed	61 3d 4c 5b 79 5d 00			.byte	$61,$3d,$4c,$5b,$79,$5d,0
>10f4	02					.byte	EndCode1020-*-1
.10f5	b1 63		lda ($63),y		lda  ($7363 & $FF),y
.10f7					EndCode1020:
>10f7	63 70 75 2d 3e 73 00			.byte	$63,$70,$75,$2d,$3e,$73,0
>10fe	03					.byte	EndCode1021-*-1
.10ff	48		pha			pha
.1100	da		phx			phx
.1101	5a		phy			phy
.1102					EndCode1021:
>1102	72 2e 73 77 61 70 00			.byte	$72,$2e,$73,$77,$61,$70,0
>1109	03					.byte	EndCode1022-*-1
.110a	48		pha			pha
.110b	8a		txa			txa
.110c	fa		plx			plx
.110d					EndCode1022:
>110d	72 2d 49 5b 79 5d 00			.byte	$72,$2d,$49,$5b,$79,$5d,0
>1114	0b					.byte	EndCode1023-*-1
.1115	38		sec			sec
.1116	f1 63		sbc ($63),y		sbc  ($63& $FF),y
.1118	48		pha			pha
.1119	8a		txa			txa
.111a	c8		iny			iny
.111b	f1 63		sbc ($63),y		sbc  ($63& $FF),y
.111d	88		dey			dey
.111e	aa		tax			tax
.111f	68		pla			pla
.1120					EndCode1023:
>1120	72 2d 4c 5b 79 5d 00			.byte	$72,$2d,$4c,$5b,$79,$5d,0
>1127	0b					.byte	EndCode1024-*-1
.1128	38		sec			sec
.1129	f1 63		sbc ($63),y		sbc  ($7363& $FF),y
.112b	48		pha			pha
.112c	8a		txa			txa
.112d	c8		iny			iny
.112e	f1 63		sbc ($63),y		sbc  ($7363& $FF),y
.1130	88		dey			dey
.1131	aa		tax			tax
.1132	68		pla			pla
.1133					EndCode1024:
>1133	72 5e 49 5b 79 5d 00			.byte	$72,$5e,$49,$5b,$79,$5d,0
>113a	0a					.byte	EndCode1025-*-1
.113b	51 63		eor ($63),y		eor  ($63 & $FF),y
.113d	48		pha			pha
.113e	8a		txa			txa
.113f	c8		iny			iny
.1140	51 63		eor ($63),y		eor  ($63 & $FF),y
.1142	88		dey			dey
.1143	aa		tax			tax
.1144	68		pla			pla
.1145					EndCode1025:
>1145	72 5e 4c 5b 79 5d 00			.byte	$72,$5e,$4c,$5b,$79,$5d,0
>114c	0a					.byte	EndCode1026-*-1
.114d	51 63		eor ($63),y		eor  ($7363 & $FF),y
.114f	48		pha			pha
.1150	8a		txa			txa
.1151	c8		iny			iny
.1152	51 63		eor ($63),y		eor  ($7363 & $FF),y
.1154	88		dey			dey
.1155	aa		tax			tax
.1156	68		pla			pla
.1157					EndCode1026:
>1157	72 26 49 5b 79 5d 00			.byte	$72,$26,$49,$5b,$79,$5d,0
>115e	0a					.byte	EndCode1027-*-1
.115f	31 63		and ($63),y		and  ($63& $FF),y
.1161	48		pha			pha
.1162	8a		txa			txa
.1163	c8		iny			iny
.1164	31 63		and ($63),y		and  ($63& $FF),y
.1166	88		dey			dey
.1167	aa		tax			tax
.1168	68		pla			pla
.1169					EndCode1027:
>1169	72 26 4c 5b 79 5d 00			.byte	$72,$26,$4c,$5b,$79,$5d,0
>1170	0a					.byte	EndCode1028-*-1
.1171	31 63		and ($63),y		and  ($7363& $FF),y
.1173	48		pha			pha
.1174	8a		txa			txa
.1175	c8		iny			iny
.1176	31 63		and ($63),y		and  ($7363& $FF),y
.1178	88		dey			dey
.1179	aa		tax			tax
.117a	68		pla			pla
.117b					EndCode1028:
>117b	72 7c 49 5b 79 5d 00			.byte	$72,$7c,$49,$5b,$79,$5d,0
>1182	0a					.byte	EndCode1029-*-1
.1183	11 63		ora ($63),y		ora  ($63& $FF),y
.1185	48		pha			pha
.1186	8a		txa			txa
.1187	c8		iny			iny
.1188	11 63		ora ($63),y		ora  ($63& $FF),y
.118a	88		dey			dey
.118b	aa		tax			tax
.118c	68		pla			pla
.118d					EndCode1029:
>118d	72 7c 4c 5b 79 5d 00			.byte	$72,$7c,$4c,$5b,$79,$5d,0
>1194	0a					.byte	EndCode1030-*-1
.1195	11 63		ora ($63),y		ora  ($7363& $FF),y
.1197	48		pha			pha
.1198	8a		txa			txa
.1199	c8		iny			iny
.119a	11 63		ora ($63),y		ora  ($7363& $FF),y
.119c	88		dey			dey
.119d	aa		tax			tax
.119e	68		pla			pla
.119f					EndCode1030:
>119f	72 2b 49 5b 79 5d 00			.byte	$72,$2b,$49,$5b,$79,$5d,0
>11a6	0b					.byte	EndCode1031-*-1
.11a7	18		clc			clc
.11a8	71 63		adc ($63),y		adc  ($63& $FF),y
.11aa	48		pha			pha
.11ab	8a		txa			txa
.11ac	c8		iny			iny
.11ad	71 63		adc ($63),y		adc  ($63& $FF),y
.11af	88		dey			dey
.11b0	aa		tax			tax
.11b1	68		pla			pla
.11b2					EndCode1031:
>11b2	72 2b 4c 5b 79 5d 00			.byte	$72,$2b,$4c,$5b,$79,$5d,0
>11b9	0b					.byte	EndCode1032-*-1
.11ba	18		clc			clc
.11bb	71 63		adc ($63),y		adc  ($7363& $FF),y
.11bd	48		pha			pha
.11be	8a		txa			txa
.11bf	c8		iny			iny
.11c0	71 63		adc ($63),y		adc  ($7363& $FF),y
.11c2	88		dey			dey
.11c3	aa		tax			tax
.11c4	68		pla			pla
.11c5					EndCode1032:
>11c5	72 3d 49 5b 79 5d 00			.byte	$72,$3d,$49,$5b,$79,$5d,0
>11cc	07					.byte	EndCode1033-*-1
.11cd	c8		iny			iny
.11ce	b1 63		lda ($63),y		lda  ($63 & $FF),y
.11d0	aa		tax			tax
.11d1	88		dey			dey
.11d2	b1 63		lda ($63),y		lda  ($63 & $FF),y
.11d4					EndCode1033:
>11d4	72 3d 4c 5b 79 5d 00			.byte	$72,$3d,$4c,$5b,$79,$5d,0
>11db	07					.byte	EndCode1034-*-1
.11dc	c8		iny			iny
.11dd	b1 63		lda ($63),y		lda  ($7363 & $FF),y
.11df	aa		tax			tax
.11e0	88		dey			dey
.11e1	b1 63		lda ($63),y		lda  ($7363 & $FF),y
.11e3					EndCode1034:
>11e3	72 65 70 65 61 74 00			.byte	$72,$65,$70,$65,$61,$74,0
>11ea	02					.byte	EndCode1035-*-1
>11eb	a3 06					.byte	$a3,$06
.11ed					EndCode1035:
>11ed	73 2d 3e 63 70 75 00			.byte	$73,$2d,$3e,$63,$70,$75,0
>11f4	03					.byte	EndCode1036-*-1
.11f5	7a		ply			ply
.11f6	fa		plx			plx
.11f7	68		pla			pla
.11f8					EndCode1036:
>11f8	7a 62 79 74 65 2a 00			.byte	$7a,$62,$79,$74,$65,$2a,0
>11ff	02					.byte	EndCode1037-*-1
>1200	a3 03					.byte	$a3,$03
.1202					EndCode1037:
>1202	7a 77 6f 72 64 2a 00			.byte	$7a,$77,$6f,$72,$64,$2a,0
>1209	02					.byte	EndCode1038-*-1
>120a	a3 04					.byte	$a3,$04
.120c					EndCode1038:
>120c	61 3e 3d 53 3f 00			.byte	$61,$3e,$3d,$53,$3f,0
>1212	05					.byte	EndCode1039-*-1
.1213	c5 63		cmp $63			cmp  $63
>1215	93					.byte $93
.1216	b0 fe		bcs $1216		bcs *
.1218					EndCode1039:
>1218	61 3e 3d 43 3f 00			.byte	$61,$3e,$3d,$43,$3f,0
>121e	06					.byte	EndCode1040-*-1
.121f	cd 63 73	cmp $7363		cmp  $7363
>1222	93					.byte $93
.1223	b0 fe		bcs $1223		bcs *
.1225					EndCode1040:
>1225	61 3c 3e 53 3f 00			.byte	$61,$3c,$3e,$53,$3f,0
>122b	05					.byte	EndCode1041-*-1
.122c	c5 63		cmp $63			cmp  $63
>122e	93					.byte $93
.122f	d0 fe		bne $122f		bne *
.1231					EndCode1041:
>1231	61 3c 3e 43 3f 00			.byte	$61,$3c,$3e,$43,$3f,0
>1237	06					.byte	EndCode1042-*-1
.1238	cd 63 73	cmp $7363		cmp  $7363
>123b	93					.byte $93
.123c	d0 fe		bne $123c		bne *
.123e					EndCode1042:
>123e	61 3e 3d 42 3f 00			.byte	$61,$3e,$3d,$42,$3f,0
>1244	05					.byte	EndCode1043-*-1
.1245	c9 63		cmp #$63		cmp  #$63
>1247	93					.byte $93
.1248	b0 fe		bcs $1248		bcs *
.124a					EndCode1043:
>124a	61 3c 3e 42 3f 00			.byte	$61,$3c,$3e,$42,$3f,0
>1250	05					.byte	EndCode1044-*-1
.1251	c9 63		cmp #$63		cmp  #$63
>1253	93					.byte $93
.1254	d0 fe		bne $1254		bne *
.1256					EndCode1044:
>1256	61 2e 66 6f 72 00			.byte	$61,$2e,$66,$6f,$72,0
>125c	02					.byte	EndCode1045-*-1
>125d	a3 08					.byte	$a3,$08
.125f					EndCode1045:
>125f	62 79 74 65 2a 00			.byte	$62,$79,$74,$65,$2a,0
>1265	02					.byte	EndCode1046-*-1
>1266	a3 01					.byte	$a3,$01
.1268					EndCode1046:
>1268	62 72 65 61 6b 00			.byte	$62,$72,$65,$61,$6b,0
>126e	01					.byte	EndCode1047-*-1
>126f	db					.byte  $DB
.1270					EndCode1047:
>1270	65 6e 64 69 66 00			.byte	$65,$6e,$64,$69,$66,0
>1276	02					.byte	EndCode1048-*-1
>1277	a3 0d					.byte	$a3,$0d
.1279					EndCode1048:
>1279	70 72 6f 63 2a 00			.byte	$70,$72,$6f,$63,$2a,0
>127f	02					.byte	EndCode1049-*-1
>1280	a3 0e					.byte	$a3,$0e
.1282					EndCode1049:
>1282	72 3e 3d 57 3f 00			.byte	$72,$3e,$3d,$57,$3f,0
>1288	0a					.byte	EndCode1050-*-1
.1289	c9 63		cmp #$63		cmp  #$63
.128b	48		pha			pha
.128c	8a		txa			txa
.128d	e9 73		sbc #$73		sbc  #$73
.128f	68		pla			pla
>1290	93					.byte $93
.1291	b0 fe		bcs $1291		bcs *
.1293					EndCode1050:
>1293	72 3c 3e 57 3f 00			.byte	$72,$3c,$3e,$57,$3f,0
>1299	09					.byte	EndCode1051-*-1
.129a	c9 63		cmp #$63		cmp  #$63
.129c	d0 02		bne $12a0		bne  _Skip1
.129e	e0 73		cpx #$73		cpx  #$73
.12a0					_Skip1:
>12a0	93					.byte $93
.12a1	d0 fe		bne $12a1		bne *
.12a3					EndCode1051:
>12a3	72 3e 3d 49 3f 00			.byte	$72,$3e,$3d,$49,$3f,0
>12a9	0a					.byte	EndCode1052-*-1
.12aa	c5 63		cmp $63			cmp  $63
.12ac	48		pha			pha
.12ad	8a		txa			txa
.12ae	e5 83		sbc $83			sbc  $83
.12b0	68		pla			pla
>12b1	93					.byte $93
.12b2	b0 fe		bcs $12b2		bcs *
.12b4					EndCode1052:
>12b4	72 3e 3d 4c 3f 00			.byte	$72,$3e,$3d,$4c,$3f,0
>12ba	0c					.byte	EndCode1053-*-1
.12bb	cd 63 73	cmp $7363		cmp  $7363
.12be	48		pha			pha
.12bf	8a		txa			txa
.12c0	ed 83 73	sbc $7383		sbc  $7383
.12c3	68		pla			pla
>12c4	93					.byte $93
.12c5	b0 fe		bcs $12c5		bcs *
.12c7					EndCode1053:
>12c7	72 3c 3e 49 3f 00			.byte	$72,$3c,$3e,$49,$3f,0
>12cd	09					.byte	EndCode1054-*-1
.12ce	c5 63		cmp $63			cmp  $63
.12d0	d0 02		bne $12d4		bne  _Skip1
.12d2	e4 83		cpx $83			cpx  $83
.12d4					_Skip1:
>12d4	93					.byte $93
.12d5	d0 fe		bne $12d5		bne *
.12d7					EndCode1054:
>12d7	72 3c 3e 4c 3f 00			.byte	$72,$3c,$3e,$4c,$3f,0
>12dd	0b					.byte	EndCode1055-*-1
.12de	cd 63 73	cmp $7363		cmp  $7363
.12e1	d0 03		bne $12e6		bne  _Skip1
.12e3	ec 83 73	cpx $7383		cpx  $7383
.12e6					_Skip1:
>12e6	93					.byte $93
.12e7	d0 fe		bne $12e7		bne *
.12e9					EndCode1055:
>12e9	72 2e 66 6f 72 00			.byte	$72,$2e,$66,$6f,$72,0
>12ef	02					.byte	EndCode1056-*-1
>12f0	a3 09					.byte	$a3,$09
.12f2					EndCode1056:
>12f2	75 6e 74 69 6c 00			.byte	$75,$6e,$74,$69,$6c,0
>12f8	02					.byte	EndCode1057-*-1
>12f9	a3 07					.byte	$a3,$07
.12fb					EndCode1057:
>12fb	77 6f 72 64 2a 00			.byte	$77,$6f,$72,$64,$2a,0
>1301	02					.byte	EndCode1058-*-1
>1302	a3 02					.byte	$a3,$02
.1304					EndCode1058:
>1304	79 3e 3d 53 3f 00			.byte	$79,$3e,$3d,$53,$3f,0
>130a	05					.byte	EndCode1059-*-1
.130b	c4 63		cpy $63			cpy  $63
>130d	93					.byte $93
.130e	b0 fe		bcs $130e		bcs *
.1310					EndCode1059:
>1310	79 3e 3d 43 3f 00			.byte	$79,$3e,$3d,$43,$3f,0
>1316	06					.byte	EndCode1060-*-1
.1317	cc 63 73	cpy $7363		cpy  $7363
>131a	93					.byte $93
.131b	b0 fe		bcs $131b		bcs *
.131d					EndCode1060:
>131d	79 3c 3e 53 3f 00			.byte	$79,$3c,$3e,$53,$3f,0
>1323	05					.byte	EndCode1061-*-1
.1324	c4 63		cpy $63			cpy  $63
>1326	93					.byte $93
.1327	d0 fe		bne $1327		bne *
.1329					EndCode1061:
>1329	79 3c 3e 43 3f 00			.byte	$79,$3c,$3e,$43,$3f,0
>132f	06					.byte	EndCode1062-*-1
.1330	cc 63 73	cpy $7363		cpy  $7363
>1333	93					.byte $93
.1334	d0 fe		bne $1334		bne *
.1336					EndCode1062:
>1336	79 3e 3d 42 3f 00			.byte	$79,$3e,$3d,$42,$3f,0
>133c	05					.byte	EndCode1063-*-1
.133d	c0 63		cpy #$63		cpy  #$63
>133f	93					.byte $93
.1340	b0 fe		bcs $1340		bcs *
.1342					EndCode1063:
>1342	79 3c 3e 42 3f 00			.byte	$79,$3c,$3e,$42,$3f,0
>1348	05					.byte	EndCode1064-*-1
.1349	c0 63		cpy #$63		cpy  #$63
>134b	93					.byte $93
.134c	d0 fe		bne $134c		bne *
.134e					EndCode1064:
>134e	61 3c 3e 3f 00				.byte	$61,$3c,$3e,$3f,0
>1353	05					.byte	EndCode1065-*-1
.1354	c9 00		cmp #$00		cmp #0
>1356	93					.byte $93
.1357	d0 fe		bne $1357		bne *
.1359					EndCode1065:
>1359	61 3c 53 3f 00				.byte	$61,$3c,$53,$3f,0
>135e	05					.byte	EndCode1066-*-1
.135f	c5 63		cmp $63			cmp  $63
>1361	93					.byte $93
.1362	90 fe		bcc $1362		bcc *
.1364					EndCode1066:
>1364	61 3c 43 3f 00				.byte	$61,$3c,$43,$3f,0
>1369	06					.byte	EndCode1067-*-1
.136a	cd 63 73	cmp $7363		cmp  $7363
>136d	93					.byte $93
.136e	90 fe		bcc $136e		bcc *
.1370					EndCode1067:
>1370	61 3d 53 3f 00				.byte	$61,$3d,$53,$3f,0
>1375	05					.byte	EndCode1068-*-1
.1376	c5 63		cmp $63			cmp  $63
>1378	93					.byte $93
.1379	f0 fe		beq $1379		beq *
.137b					EndCode1068:
>137b	61 3d 43 3f 00				.byte	$61,$3d,$43,$3f,0
>1380	06					.byte	EndCode1069-*-1
.1381	cd 63 73	cmp $7363		cmp  $7363
>1384	93					.byte $93
.1385	f0 fe		beq $1385		beq *
.1387					EndCode1069:
>1387	61 3c 42 3f 00				.byte	$61,$3c,$42,$3f,0
>138c	05					.byte	EndCode1070-*-1
.138d	c9 63		cmp #$63		cmp  #$63
>138f	93					.byte $93
.1390	90 fe		bcc $1390		bcc *
.1392					EndCode1070:
>1392	61 3d 42 3f 00				.byte	$61,$3d,$42,$3f,0
>1397	05					.byte	EndCode1071-*-1
.1398	c9 63		cmp #$63		cmp  #$63
>139a	93					.byte $93
.139b	f0 fe		beq $139b		beq *
.139d					EndCode1071:
>139d	61 2d 3e 73 00				.byte	$61,$2d,$3e,$73,0
>13a2	01					.byte	EndCode1072-*-1
.13a3	48		pha			pha
.13a4					EndCode1072:
>13a4	65 6c 73 65 00				.byte	$65,$6c,$73,$65,0
>13a9	02					.byte	EndCode1073-*-1
>13aa	a3 0c					.byte	$a3,$0c
.13ac					EndCode1073:
>13ac	68 61 6c 74 00				.byte	$68,$61,$6c,$74,0
>13b1	02					.byte	EndCode1074-*-1
.13b2	80 fe		bra $13b2		bra  *
.13b4					EndCode1074:
>13b4	6e 65 78 74 00				.byte	$6e,$65,$78,$74,0
>13b9	02					.byte	EndCode1075-*-1
>13ba	a3 0a					.byte	$a3,$0a
.13bc					EndCode1075:
>13bc	72 3c 3e 3f 00				.byte	$72,$3c,$3e,$3f,0
>13c1	09					.byte	EndCode1076-*-1
.13c2	c9 00		cmp #$00		cmp #0
.13c4	d0 02		bne $13c8		bne *+4
.13c6	e0 00		cpx #$00		cpx #0
>13c8	93					.byte $93
.13c9	d0 fe		bne $13c9		bne *
.13cb					EndCode1076:
>13cb	72 3c 57 3f 00				.byte	$72,$3c,$57,$3f,0
>13d0	0a					.byte	EndCode1077-*-1
.13d1	c9 63		cmp #$63		cmp  #$63
.13d3	48		pha			pha
.13d4	8a		txa			txa
.13d5	e9 73		sbc #$73		sbc  #$73
.13d7	68		pla			pla
>13d8	93					.byte $93
.13d9	90 fe		bcc $13d9		bcc *
.13db					EndCode1077:
>13db	72 3d 57 3f 00				.byte	$72,$3d,$57,$3f,0
>13e0	09					.byte	EndCode1078-*-1
.13e1	c9 63		cmp #$63		cmp  #$63
.13e3	d0 02		bne $13e7		bne  _Skip1
.13e5	e0 73		cpx #$73		cpx  #$73
.13e7					_Skip1:
>13e7	93					.byte $93
.13e8	f0 fe		beq $13e8		beq *
.13ea					EndCode1078:
>13ea	72 3c 49 3f 00				.byte	$72,$3c,$49,$3f,0
>13ef	0a					.byte	EndCode1079-*-1
.13f0	c5 63		cmp $63			cmp  $63
.13f2	48		pha			pha
.13f3	8a		txa			txa
.13f4	e5 83		sbc $83			sbc  $83
.13f6	68		pla			pla
>13f7	93					.byte $93
.13f8	90 fe		bcc $13f8		bcc *
.13fa					EndCode1079:
>13fa	72 3c 4c 3f 00				.byte	$72,$3c,$4c,$3f,0
>13ff	0c					.byte	EndCode1080-*-1
.1400	cd 63 73	cmp $7363		cmp  $7363
.1403	48		pha			pha
.1404	8a		txa			txa
.1405	ed 83 73	sbc $7383		sbc  $7383
.1408	68		pla			pla
>1409	93					.byte $93
.140a	90 fe		bcc $140a		bcc *
.140c					EndCode1080:
>140c	72 3d 49 3f 00				.byte	$72,$3d,$49,$3f,0
>1411	09					.byte	EndCode1081-*-1
.1412	c5 63		cmp $63			cmp  $63
.1414	d0 02		bne $1418		bne  _Skip1
.1416	e4 83		cpx $83			cpx  $83
.1418					_Skip1:
>1418	93					.byte $93
.1419	f0 fe		beq $1419		beq *
.141b					EndCode1081:
>141b	72 3d 4c 3f 00				.byte	$72,$3d,$4c,$3f,0
>1420	0b					.byte	EndCode1082-*-1
.1421	cd 63 73	cmp $7363		cmp  $7363
.1424	d0 03		bne $1429		bne  _Skip1
.1426	ec 83 73	cpx $7383		cpx  $7383
.1429					_Skip1:
>1429	93					.byte $93
.142a	f0 fe		beq $142a		beq *
.142c					EndCode1082:
>142c	72 2d 3e 73 00				.byte	$72,$2d,$3e,$73,0
>1431	02					.byte	EndCode1083-*-1
.1432	48		pha			pha
.1433	da		phx			phx
.1434					EndCode1083:
>1434	73 2d 3e 72 00				.byte	$73,$2d,$3e,$72,0
>1439	02					.byte	EndCode1084-*-1
.143a	fa		plx			plx
.143b	68		pla			pla
.143c					EndCode1084:
>143c	73 2d 3e 61 00				.byte	$73,$2d,$3e,$61,0
>1441	01					.byte	EndCode1085-*-1
.1442	68		pla			pla
.1443					EndCode1085:
>1443	73 2d 3e 79 00				.byte	$73,$2d,$3e,$79,0
>1448	01					.byte	EndCode1086-*-1
.1449	7a		ply			ply
.144a					EndCode1086:
>144a	79 3c 3e 3f 00				.byte	$79,$3c,$3e,$3f,0
>144f	05					.byte	EndCode1087-*-1
.1450	c0 00		cpy #$00		cpy #0
>1452	93					.byte $93
.1453	d0 fe		bne $1453		bne *
.1455					EndCode1087:
>1455	79 3c 53 3f 00				.byte	$79,$3c,$53,$3f,0
>145a	05					.byte	EndCode1088-*-1
.145b	c4 63		cpy $63			cpy  $63
>145d	93					.byte $93
.145e	90 fe		bcc $145e		bcc *
.1460					EndCode1088:
>1460	79 3c 43 3f 00				.byte	$79,$3c,$43,$3f,0
>1465	06					.byte	EndCode1089-*-1
.1466	cc 63 73	cpy $7363		cpy  $7363
>1469	93					.byte $93
.146a	90 fe		bcc $146a		bcc *
.146c					EndCode1089:
>146c	79 3d 53 3f 00				.byte	$79,$3d,$53,$3f,0
>1471	05					.byte	EndCode1090-*-1
.1472	c4 63		cpy $63			cpy  $63
>1474	93					.byte $93
.1475	f0 fe		beq $1475		beq *
.1477					EndCode1090:
>1477	79 3d 43 3f 00				.byte	$79,$3d,$43,$3f,0
>147c	06					.byte	EndCode1091-*-1
.147d	cc 63 73	cpy $7363		cpy  $7363
>1480	93					.byte $93
.1481	f0 fe		beq $1481		beq *
.1483					EndCode1091:
>1483	79 3c 42 3f 00				.byte	$79,$3c,$42,$3f,0
>1488	05					.byte	EndCode1092-*-1
.1489	c0 63		cpy #$63		cpy  #$63
>148b	93					.byte $93
.148c	90 fe		bcc $148c		bcc *
.148e					EndCode1092:
>148e	79 3d 42 3f 00				.byte	$79,$3d,$42,$3f,0
>1493	05					.byte	EndCode1093-*-1
.1494	c0 63		cpy #$63		cpy  #$63
>1496	93					.byte $93
.1497	f0 fe		beq $1497		beq *
.1499					EndCode1093:
>1499	79 2d 3e 73 00				.byte	$79,$2d,$3e,$73,0
>149e	01					.byte	EndCode1094-*-1
.149f	5a		phy			phy
.14a0					EndCode1094:
>14a0	2b 2b 53 00				.byte	$2b,$2b,$53,0
>14a4	02					.byte	EndCode1095-*-1
.14a5	e6 63		inc $63			inc  $63
.14a7					EndCode1095:
>14a7	2b 2b 43 00				.byte	$2b,$2b,$43,0
>14ab	03					.byte	EndCode1096-*-1
.14ac	ee 63 73	inc $7363		inc  $7363
.14af					EndCode1096:
>14af	2b 2b 49 00				.byte	$2b,$2b,$49,0
>14b3	06					.byte	EndCode1097-*-1
.14b4	e6 63		inc $63			inc  $63
.14b6	d0 02		bne $14ba		bne  _NoCarry
.14b8	e6 83		inc $83			inc  $83
.14ba					_NoCarry:
.14ba					EndCode1097:
>14ba	2b 2b 4c 00				.byte	$2b,$2b,$4c,0
>14be	08					.byte	EndCode1098-*-1
.14bf	ee 63 73	inc $7363		inc  $7363
.14c2	d0 03		bne $14c7		bne  _NoCarry
.14c4	ee 83 73	inc $7383		inc  $7383
.14c7					_NoCarry:
.14c7					EndCode1098:
>14c7	2b 2b 72 00				.byte	$2b,$2b,$72,0
>14cb	04					.byte	EndCode1099-*-1
.14cc	1a		inc a			inc  a
.14cd	d0 01		bne $14d0		bne  *+3
.14cf	e8		inx			inx
.14d0					EndCode1099:
>14d0	2b 2b 61 00				.byte	$2b,$2b,$61,0
>14d4	01					.byte	EndCode1100-*-1
.14d5	1a		inc a			inc  a
.14d6					EndCode1100:
>14d6	2b 2b 79 00				.byte	$2b,$2b,$79,0
>14da	01					.byte	EndCode1101-*-1
.14db	c8		iny			iny
.14dc					EndCode1101:
>14dc	2d 2d 53 00				.byte	$2d,$2d,$53,0
>14e0	02					.byte	EndCode1102-*-1
.14e1	c6 63		dec $63			dec  $63
.14e3					EndCode1102:
>14e3	2d 2d 43 00				.byte	$2d,$2d,$43,0
>14e7	03					.byte	EndCode1103-*-1
.14e8	ce 63 73	dec $7363		dec  $7363
.14eb					EndCode1103:
>14eb	2d 2d 49 00				.byte	$2d,$2d,$49,0
>14ef	0a					.byte	EndCode1104-*-1
.14f0	48		pha			pha
.14f1	a5 63		lda $63			lda  $63
.14f3	d0 02		bne $14f7		bne  _NoBorrow
.14f5	c6 83		dec $83			dec  $83
.14f7					_NoBorrow:
.14f7	c6 63		dec $63			dec  $63
.14f9	68		pla			pla
.14fa					EndCode1104:
>14fa	2d 2d 4c 00				.byte	$2d,$2d,$4c,0
>14fe	0d					.byte	EndCode1105-*-1
.14ff	48		pha			pha
.1500	ad 63 73	lda $7363		lda  $7363
.1503	d0 03		bne $1508		bne  _NoBorrow
.1505	ce 83 73	dec $7383		dec  $7383
.1508					_NoBorrow:
.1508	ce 63 73	dec $7363		dec  $7363
.150b	68		pla			pla
.150c					EndCode1105:
>150c	2d 2d 72 00				.byte	$2d,$2d,$72,0
>1510	06					.byte	EndCode1106-*-1
.1511	c9 00		cmp #$00		cmp  #0
.1513	d0 01		bne $1516		bne  *+3
.1515	ca		dex			dex
.1516	3a		dec a			dec  a
.1517					EndCode1106:
>1517	2d 2d 61 00				.byte	$2d,$2d,$61,0
>151b	01					.byte	EndCode1107-*-1
.151c	3a		dec a			dec  a
.151d					EndCode1107:
>151d	2d 2d 79 00				.byte	$2d,$2d,$79,0
>1521	01					.byte	EndCode1108-*-1
.1522	88		dey			dey
.1523					EndCode1108:
>1523	3c 3c 53 00				.byte	$3c,$3c,$53,0
>1527	02					.byte	EndCode1109-*-1
.1528	06 63		asl $63			asl  $63
.152a					EndCode1109:
>152a	3c 3c 43 00				.byte	$3c,$3c,$43,0
>152e	03					.byte	EndCode1110-*-1
.152f	0e 63 73	asl $7363		asl  $7363
.1532					EndCode1110:
>1532	3c 3c 49 00				.byte	$3c,$3c,$49,0
>1536	04					.byte	EndCode1111-*-1
.1537	06 63		asl $63			asl  $63
.1539	26 83		rol $83			rol  $83
.153b					EndCode1111:
>153b	3c 3c 4c 00				.byte	$3c,$3c,$4c,0
>153f	06					.byte	EndCode1112-*-1
.1540	0e 63 73	asl $7363		asl  $7363
.1543	2e 83 73	rol $7383		rol  $7383
.1546					EndCode1112:
>1546	3c 3c 72 00				.byte	$3c,$3c,$72,0
>154a	06					.byte	EndCode1113-*-1
.154b	0a		asl a			asl  a
.154c	48		pha			pha
.154d	8a		txa			txa
.154e	2a		rol a			rol  a
.154f	aa		tax			tax
.1550	68		pla			pla
.1551					EndCode1113:
>1551	3c 3c 61 00				.byte	$3c,$3c,$61,0
>1555	01					.byte	EndCode1114-*-1
.1556	0a		asl a			asl  a
.1557					EndCode1114:
>1557	3e 3e 53 00				.byte	$3e,$3e,$53,0
>155b	02					.byte	EndCode1115-*-1
.155c	46 63		lsr $63			lsr  $63
.155e					EndCode1115:
>155e	3e 3e 43 00				.byte	$3e,$3e,$43,0
>1562	03					.byte	EndCode1116-*-1
.1563	4e 63 73	lsr $7363		lsr  $7363
.1566					EndCode1116:
>1566	3e 3e 49 00				.byte	$3e,$3e,$49,0
>156a	04					.byte	EndCode1117-*-1
.156b	46 83		lsr $83			lsr  $83
.156d	66 63		ror $63			ror  $63
.156f					EndCode1117:
>156f	3e 3e 4c 00				.byte	$3e,$3e,$4c,0
>1573	06					.byte	EndCode1118-*-1
.1574	4e 83 73	lsr $7383		lsr  $7383
.1577	6e 63 73	ror $7363		ror  $7363
.157a					EndCode1118:
>157a	3e 3e 72 00				.byte	$3e,$3e,$72,0
>157e	06					.byte	EndCode1119-*-1
.157f	48		pha			pha
.1580	8a		txa			txa
.1581	4a		lsr a			lsr  a
.1582	aa		tax			tax
.1583	68		pla			pla
.1584	6a		ror a			ror  a
.1585					EndCode1119:
>1585	3e 3e 61 00				.byte	$3e,$3e,$61,0
>1589	01					.byte	EndCode1120-*-1
.158a	4a		lsr a			lsr  a
.158b					EndCode1120:
>158b	43 3d 72 00				.byte	$43,$3d,$72,0
>158f	03					.byte	EndCode1121-*-1
.1590	8d 63 73	sta $7363		sta  $7363
.1593					EndCode1121:
>1593	43 3d 61 00				.byte	$43,$3d,$61,0
>1597	03					.byte	EndCode1122-*-1
.1598	8d 63 73	sta $7363		sta  $7363
.159b					EndCode1122:
>159b	43 3d 79 00				.byte	$43,$3d,$79,0
>159f	03					.byte	EndCode1123-*-1
.15a0	8c 63 73	sty $7363		sty  $7363
.15a3					EndCode1123:
>15a3	49 3d 72 00				.byte	$49,$3d,$72,0
>15a7	04					.byte	EndCode1124-*-1
.15a8	85 63		sta $63			sta  $63
.15aa	86 83		stx $83			stx  $83
.15ac					EndCode1124:
>15ac	4c 3d 72 00				.byte	$4c,$3d,$72,0
>15b0	06					.byte	EndCode1125-*-1
.15b1	8d 63 73	sta $7363		sta  $7363
.15b4	8e 83 73	stx $7383		stx  $7383
.15b7					EndCode1125:
>15b7	50 28 2a 00				.byte	$50,$28,$2a,0
>15bb	02					.byte	EndCode1126-*-1
>15bc	a3 0f					.byte	$a3,$0f
.15be					EndCode1126:
>15be	53 3d 72 00				.byte	$53,$3d,$72,0
>15c2	02					.byte	EndCode1127-*-1
.15c3	85 63		sta $63			sta  $63
.15c5					EndCode1127:
>15c5	53 3d 61 00				.byte	$53,$3d,$61,0
>15c9	02					.byte	EndCode1128-*-1
.15ca	85 63		sta $63			sta  $63
.15cc					EndCode1128:
>15cc	53 3d 79 00				.byte	$53,$3d,$79,0
>15d0	02					.byte	EndCode1129-*-1
.15d1	84 63		sty $63			sty  $63
.15d3					EndCode1129:
>15d3	61 2d 42 00				.byte	$61,$2d,$42,0
>15d7	03					.byte	EndCode1130-*-1
.15d8	38		sec			sec
.15d9	e9 63		sbc #$63		sbc  #$63
.15db					EndCode1130:
>15db	61 2d 53 00				.byte	$61,$2d,$53,0
>15df	03					.byte	EndCode1131-*-1
.15e0	38		sec			sec
.15e1	e5 63		sbc $63			sbc  $63
.15e3					EndCode1131:
>15e3	61 2d 43 00				.byte	$61,$2d,$43,0
>15e7	04					.byte	EndCode1132-*-1
.15e8	38		sec			sec
.15e9	ed 63 73	sbc $7363		sbc  $7363
.15ec					EndCode1132:
>15ec	61 5e 42 00				.byte	$61,$5e,$42,0
>15f0	02					.byte	EndCode1133-*-1
.15f1	49 63		eor #$63		eor  #$63
.15f3					EndCode1133:
>15f3	61 5e 53 00				.byte	$61,$5e,$53,0
>15f7	02					.byte	EndCode1134-*-1
.15f8	45 63		eor $63			eor  $63
.15fa					EndCode1134:
>15fa	61 5e 43 00				.byte	$61,$5e,$43,0
>15fe	03					.byte	EndCode1135-*-1
.15ff	4d 63 73	eor $7363		eor  $7363
.1602					EndCode1135:
>1602	61 26 42 00				.byte	$61,$26,$42,0
>1606	02					.byte	EndCode1136-*-1
.1607	29 63		and #$63		and  #$63
.1609					EndCode1136:
>1609	61 26 53 00				.byte	$61,$26,$53,0
>160d	02					.byte	EndCode1137-*-1
.160e	25 63		and $63			and  $63
.1610					EndCode1137:
>1610	61 26 43 00				.byte	$61,$26,$43,0
>1614	03					.byte	EndCode1138-*-1
.1615	2d 63 73	and $7363		and  $7363
.1618					EndCode1138:
>1618	61 7c 42 00				.byte	$61,$7c,$42,0
>161c	02					.byte	EndCode1139-*-1
.161d	09 63		ora #$63		ora  #$63
.161f					EndCode1139:
>161f	61 7c 53 00				.byte	$61,$7c,$53,0
>1623	02					.byte	EndCode1140-*-1
.1624	05 63		ora $63			ora  $63
.1626					EndCode1140:
>1626	61 7c 43 00				.byte	$61,$7c,$43,0
>162a	03					.byte	EndCode1141-*-1
.162b	0d 63 73	ora $7363		ora  $7363
.162e					EndCode1141:
>162e	61 2b 42 00				.byte	$61,$2b,$42,0
>1632	03					.byte	EndCode1142-*-1
.1633	18		clc			clc
.1634	69 63		adc #$63		adc  #$63
.1636					EndCode1142:
>1636	61 2b 53 00				.byte	$61,$2b,$53,0
>163a	03					.byte	EndCode1143-*-1
.163b	18		clc			clc
.163c	65 63		adc $63			adc  $63
.163e					EndCode1143:
>163e	61 2b 43 00				.byte	$61,$2b,$43,0
>1642	04					.byte	EndCode1144-*-1
.1643	18		clc			clc
.1644	6d 63 73	adc $7363		adc  $7363
.1647					EndCode1144:
>1647	61 3d 42 00				.byte	$61,$3d,$42,0
>164b	02					.byte	EndCode1145-*-1
.164c	a9 63		lda #$63		lda  #$63
.164e					EndCode1145:
>164e	61 3d 53 00				.byte	$61,$3d,$53,0
>1652	02					.byte	EndCode1146-*-1
.1653	a5 63		lda $63			lda  $63
.1655					EndCode1146:
>1655	61 3d 43 00				.byte	$61,$3d,$43,0
>1659	03					.byte	EndCode1147-*-1
.165a	ad 63 73	lda $7363		lda  $7363
.165d					EndCode1147:
>165d	61 3d 79 00				.byte	$61,$3d,$79,0
>1661	01					.byte	EndCode1148-*-1
.1662	98		tya			tya
.1663					EndCode1148:
>1663	61 3d 72 00				.byte	$61,$3d,$72,0
>1667	00					.byte	EndCode1149-*-1
.1668					EndCode1149:
>1668	61 3d 61 00				.byte	$61,$3d,$61,0
>166c	00					.byte	EndCode1150-*-1
.166d					EndCode1150:
>166d	61 3d 3f 00				.byte	$61,$3d,$3f,0
>1671	05					.byte	EndCode1151-*-1
.1672	c9 00		cmp #$00		cmp #0
>1674	93					.byte $93
.1675	f0 fe		beq $1675		beq *
.1677					EndCode1151:
>1677	61 2b 3f 00				.byte	$61,$2b,$3f,0
>167b	05					.byte	EndCode1152-*-1
.167c	c9 00		cmp #$00		cmp #0
>167e	93					.byte $93
.167f	10 fe		bpl $167f		bpl *
.1681					EndCode1152:
>1681	61 2d 3f 00				.byte	$61,$2d,$3f,0
>1685	05					.byte	EndCode1153-*-1
.1686	c9 00		cmp #$00		cmp #0
>1688	93					.byte $93
.1689	30 fe		bmi $1689		bmi *
.168b					EndCode1153:
>168b	63 73 3f 00				.byte	$63,$73,$3f,0
>168f	03					.byte	EndCode1154-*-1
>1690	93					.byte $93
.1691	b0 fe		bcs $1691		bcs  *
.1693					EndCode1154:
>1693	63 63 3f 00				.byte	$63,$63,$3f,0
>1697	03					.byte	EndCode1155-*-1
>1698	93					.byte $93
.1699	90 fe		bcc $1699		bcc  *
.169b					EndCode1155:
>169b	72 2d 42 00				.byte	$72,$2d,$42,0
>169f	06					.byte	EndCode1156-*-1
.16a0	38		sec			sec
.16a1	e9 63		sbc #$63		sbc  #$63
.16a3	b0 01		bcs $16a6		bcs  *+3
.16a5	ca		dex			dex
.16a6					EndCode1156:
>16a6	72 2d 57 00				.byte	$72,$2d,$57,0
>16aa	09					.byte	EndCode1157-*-1
.16ab	38		sec			sec
.16ac	e9 63		sbc #$63		sbc  #$63
.16ae	48		pha			pha
.16af	8a		txa			txa
.16b0	e9 73		sbc #$73		sbc  #$73
.16b2	aa		tax			tax
.16b3	68		pla			pla
.16b4					EndCode1157:
>16b4	72 2d 49 00				.byte	$72,$2d,$49,0
>16b8	09					.byte	EndCode1158-*-1
.16b9	38		sec			sec
.16ba	e5 63		sbc $63			sbc  $63
.16bc	48		pha			pha
.16bd	8a		txa			txa
.16be	e5 83		sbc $83			sbc  $83
.16c0	aa		tax			tax
.16c1	68		pla			pla
.16c2					EndCode1158:
>16c2	72 2d 4c 00				.byte	$72,$2d,$4c,0
>16c6	0b					.byte	EndCode1159-*-1
.16c7	38		sec			sec
.16c8	ed 63 73	sbc $7363		sbc  $7363
.16cb	48		pha			pha
.16cc	8a		txa			txa
.16cd	ed 83 73	sbc $7383		sbc  $7383
.16d0	aa		tax			tax
.16d1	68		pla			pla
.16d2					EndCode1159:
>16d2	72 2d 53 00				.byte	$72,$2d,$53,0
>16d6	06					.byte	EndCode1160-*-1
.16d7	38		sec			sec
.16d8	e5 63		sbc $63			sbc  $63
.16da	b0 01		bcs $16dd		bcs  *+3
.16dc	ca		dex			dex
.16dd					EndCode1160:
>16dd	72 2d 43 00				.byte	$72,$2d,$43,0
>16e1	07					.byte	EndCode1161-*-1
.16e2	38		sec			sec
.16e3	ed 63 73	sbc $7363		sbc  $7363
.16e6	b0 01		bcs $16e9		bcs  *+3
.16e8	ca		dex			dex
.16e9					EndCode1161:
>16e9	72 5e 42 00				.byte	$72,$5e,$42,0
>16ed	02					.byte	EndCode1162-*-1
.16ee	49 63		eor #$63		eor  #$63
.16f0					EndCode1162:
>16f0	72 5e 57 00				.byte	$72,$5e,$57,0
>16f4	08					.byte	EndCode1163-*-1
.16f5	49 63		eor #$63		eor  #$63
.16f7	48		pha			pha
.16f8	8a		txa			txa
.16f9	49 73		eor #$73		eor  #$73
.16fb	aa		tax			tax
.16fc	68		pla			pla
.16fd					EndCode1163:
>16fd	72 5e 49 00				.byte	$72,$5e,$49,0
>1701	08					.byte	EndCode1164-*-1
.1702	45 63		eor $63			eor  $63
.1704	48		pha			pha
.1705	8a		txa			txa
.1706	45 83		eor $83			eor  $83
.1708	aa		tax			tax
.1709	68		pla			pla
.170a					EndCode1164:
>170a	72 5e 4c 00				.byte	$72,$5e,$4c,0
>170e	0a					.byte	EndCode1165-*-1
.170f	4d 63 73	eor $7363		eor  $7363
.1712	48		pha			pha
.1713	8a		txa			txa
.1714	4d 83 73	eor $7383		eor  $7383
.1717	aa		tax			tax
.1718	68		pla			pla
.1719					EndCode1165:
>1719	72 5e 53 00				.byte	$72,$5e,$53,0
>171d	02					.byte	EndCode1166-*-1
.171e	45 63		eor $63			eor  $63
.1720					EndCode1166:
>1720	72 5e 43 00				.byte	$72,$5e,$43,0
>1724	03					.byte	EndCode1167-*-1
.1725	4d 63 73	eor $7363		eor  $7363
.1728					EndCode1167:
>1728	72 26 42 00				.byte	$72,$26,$42,0
>172c	04					.byte	EndCode1168-*-1
.172d	29 63		and #$63		and  #$63
.172f	a2 00		ldx #$00		ldx  #0
.1731					EndCode1168:
>1731	72 26 57 00				.byte	$72,$26,$57,0
>1735	08					.byte	EndCode1169-*-1
.1736	29 63		and #$63		and  #$63
.1738	48		pha			pha
.1739	8a		txa			txa
.173a	29 73		and #$73		and  #$73
.173c	aa		tax			tax
.173d	68		pla			pla
.173e					EndCode1169:
>173e	72 26 49 00				.byte	$72,$26,$49,0
>1742	08					.byte	EndCode1170-*-1
.1743	25 63		and $63			and  $63
.1745	48		pha			pha
.1746	8a		txa			txa
.1747	25 83		and $83			and  $83
.1749	aa		tax			tax
.174a	68		pla			pla
.174b					EndCode1170:
>174b	72 26 4c 00				.byte	$72,$26,$4c,0
>174f	0a					.byte	EndCode1171-*-1
.1750	2d 63 73	and $7363		and  $7363
.1753	48		pha			pha
.1754	8a		txa			txa
.1755	2d 83 73	and $7383		and  $7383
.1758	aa		tax			tax
.1759	68		pla			pla
.175a					EndCode1171:
>175a	72 26 53 00				.byte	$72,$26,$53,0
>175e	04					.byte	EndCode1172-*-1
.175f	25 63		and $63			and  $63
.1761	a2 00		ldx #$00		ldx  #0
.1763					EndCode1172:
>1763	72 26 43 00				.byte	$72,$26,$43,0
>1767	05					.byte	EndCode1173-*-1
.1768	2d 63 73	and $7363		and  $7363
.176b	a2 00		ldx #$00		ldx  #0
.176d					EndCode1173:
>176d	72 7c 42 00				.byte	$72,$7c,$42,0
>1771	02					.byte	EndCode1174-*-1
.1772	09 63		ora #$63		ora  #$63
.1774					EndCode1174:
>1774	72 7c 57 00				.byte	$72,$7c,$57,0
>1778	08					.byte	EndCode1175-*-1
.1779	09 63		ora #$63		ora  #$63
.177b	48		pha			pha
.177c	8a		txa			txa
.177d	09 73		ora #$73		ora  #$73
.177f	aa		tax			tax
.1780	68		pla			pla
.1781					EndCode1175:
>1781	72 7c 49 00				.byte	$72,$7c,$49,0
>1785	08					.byte	EndCode1176-*-1
.1786	05 63		ora $63			ora  $63
.1788	48		pha			pha
.1789	8a		txa			txa
.178a	05 83		ora $83			ora  $83
.178c	aa		tax			tax
.178d	68		pla			pla
.178e					EndCode1176:
>178e	72 7c 4c 00				.byte	$72,$7c,$4c,0
>1792	0a					.byte	EndCode1177-*-1
.1793	0d 63 73	ora $7363		ora  $7363
.1796	48		pha			pha
.1797	8a		txa			txa
.1798	0d 83 73	ora $7383		ora  $7383
.179b	aa		tax			tax
.179c	68		pla			pla
.179d					EndCode1177:
>179d	72 7c 53 00				.byte	$72,$7c,$53,0
>17a1	02					.byte	EndCode1178-*-1
.17a2	05 63		ora $63			ora  $63
.17a4					EndCode1178:
>17a4	72 7c 43 00				.byte	$72,$7c,$43,0
>17a8	03					.byte	EndCode1179-*-1
.17a9	0d 63 73	ora $7363		ora  $7363
.17ac					EndCode1179:
>17ac	72 2b 42 00				.byte	$72,$2b,$42,0
>17b0	06					.byte	EndCode1180-*-1
.17b1	18		clc			clc
.17b2	69 63		adc #$63		adc  #$63
.17b4	90 01		bcc $17b7		bcc  *+3
.17b6	e8		inx			inx
.17b7					EndCode1180:
>17b7	72 2b 57 00				.byte	$72,$2b,$57,0
>17bb	09					.byte	EndCode1181-*-1
.17bc	18		clc			clc
.17bd	69 63		adc #$63		adc  #$63
.17bf	48		pha			pha
.17c0	8a		txa			txa
.17c1	69 73		adc #$73		adc  #$73
.17c3	aa		tax			tax
.17c4	68		pla			pla
.17c5					EndCode1181:
>17c5	72 2b 49 00				.byte	$72,$2b,$49,0
>17c9	09					.byte	EndCode1182-*-1
.17ca	18		clc			clc
.17cb	65 63		adc $63			adc  $63
.17cd	48		pha			pha
.17ce	8a		txa			txa
.17cf	65 83		adc $83			adc  $83
.17d1	aa		tax			tax
.17d2	68		pla			pla
.17d3					EndCode1182:
>17d3	72 2b 4c 00				.byte	$72,$2b,$4c,0
>17d7	0b					.byte	EndCode1183-*-1
.17d8	18		clc			clc
.17d9	6d 63 73	adc $7363		adc  $7363
.17dc	48		pha			pha
.17dd	8a		txa			txa
.17de	6d 83 73	adc $7383		adc  $7383
.17e1	aa		tax			tax
.17e2	68		pla			pla
.17e3					EndCode1183:
>17e3	72 2b 53 00				.byte	$72,$2b,$53,0
>17e7	06					.byte	EndCode1184-*-1
.17e8	18		clc			clc
.17e9	65 63		adc $63			adc  $63
.17eb	90 01		bcc $17ee		bcc  *+3
.17ed	e8		inx			inx
.17ee					EndCode1184:
>17ee	72 2b 43 00				.byte	$72,$2b,$43,0
>17f2	07					.byte	EndCode1185-*-1
.17f3	18		clc			clc
.17f4	6d 63 73	adc $7363		adc  $7363
.17f7	90 01		bcc $17fa		bcc  *+3
.17f9	e8		inx			inx
.17fa					EndCode1185:
>17fa	72 3d 42 00				.byte	$72,$3d,$42,0
>17fe	04					.byte	EndCode1186-*-1
.17ff	a9 63		lda #$63		lda  #$63
.1801	a2 73		ldx #$73		ldx  #$73
.1803					EndCode1186:
>1803	72 3d 57 00				.byte	$72,$3d,$57,0
>1807	04					.byte	EndCode1187-*-1
.1808	a9 63		lda #$63		lda  #$63
.180a	a2 73		ldx #$73		ldx  #$73
.180c					EndCode1187:
>180c	72 3d 49 00				.byte	$72,$3d,$49,0
>1810	04					.byte	EndCode1188-*-1
.1811	a5 63		lda $63			lda  $63
.1813	a6 83		ldx $83			ldx  $83
.1815					EndCode1188:
>1815	72 3d 4c 00				.byte	$72,$3d,$4c,0
>1819	06					.byte	EndCode1189-*-1
.181a	ad 63 73	lda $7363		lda  $7363
.181d	ae 83 73	ldx $7383		ldx  $7383
.1820					EndCode1189:
>1820	72 3d 53 00				.byte	$72,$3d,$53,0
>1824	04					.byte	EndCode1190-*-1
.1825	a5 63		lda $63			lda  $63
.1827	a2 00		ldx #$00		ldx  #0
.1829					EndCode1190:
>1829	72 3d 43 00				.byte	$72,$3d,$43,0
>182d	05					.byte	EndCode1191-*-1
.182e	ad 63 73	lda $7363		lda  $7363
.1831	a2 00		ldx #$00		ldx  #0
.1833					EndCode1191:
>1833	72 3d 61 00				.byte	$72,$3d,$61,0
>1837	02					.byte	EndCode1192-*-1
.1838	a2 00		ldx #$00		ldx  #0
.183a					EndCode1192:
>183a	72 3d 79 00				.byte	$72,$3d,$79,0
>183e	03					.byte	EndCode1193-*-1
.183f	98		tya			tya
.1840	a2 00		ldx #$00		ldx  #0
.1842					EndCode1193:
>1842	72 3d 72 00				.byte	$72,$3d,$72,0
>1846	00					.byte	EndCode1194-*-1
.1847					EndCode1194:
>1847	72 3d 3f 00				.byte	$72,$3d,$3f,0
>184b	09					.byte	EndCode1195-*-1
.184c	c9 00		cmp #$00		cmp #0
.184e	d0 02		bne $1852		bne *+4
.1850	e0 00		cpx #$00		cpx #0
>1852	93					.byte $93
.1853	f0 fe		beq $1853		beq *
.1855					EndCode1195:
>1855	72 2b 3f 00				.byte	$72,$2b,$3f,0
>1859	05					.byte	EndCode1196-*-1
.185a	e0 00		cpx #$00		cpx #0
>185c	93					.byte $93
.185d	10 fe		bpl $185d		bpl *
.185f					EndCode1196:
>185f	72 2d 3f 00				.byte	$72,$2d,$3f,0
>1863	05					.byte	EndCode1197-*-1
.1864	e0 00		cpx #$00		cpx #0
>1866	93					.byte $93
.1867	30 fe		bmi $1867		bmi *
.1869					EndCode1197:
>1869	79 3d 42 00				.byte	$79,$3d,$42,0
>186d	02					.byte	EndCode1198-*-1
.186e	a0 63		ldy #$63		ldy  #$63
.1870					EndCode1198:
>1870	79 3d 53 00				.byte	$79,$3d,$53,0
>1874	02					.byte	EndCode1199-*-1
.1875	a4 63		ldy $63			ldy  $63
.1877					EndCode1199:
>1877	79 3d 43 00				.byte	$79,$3d,$43,0
>187b	03					.byte	EndCode1200-*-1
.187c	ac 63 73	ldy $7363		ldy  $7363
.187f					EndCode1200:
>187f	79 3d 61 00				.byte	$79,$3d,$61,0
>1883	01					.byte	EndCode1201-*-1
.1884	a8		tay			tay
.1885					EndCode1201:
>1885	79 3d 72 00				.byte	$79,$3d,$72,0
>1889	01					.byte	EndCode1202-*-1
.188a	a8		tay			tay
.188b					EndCode1202:
>188b	79 3d 79 00				.byte	$79,$3d,$79,0
>188f	00					.byte	EndCode1203-*-1
.1890					EndCode1203:
>1890	79 3d 3f 00				.byte	$79,$3d,$3f,0
>1894	05					.byte	EndCode1204-*-1
.1895	c0 00		cpy #$00		cpy #0
>1897	93					.byte $93
.1898	f0 fe		beq $1898		beq *
.189a					EndCode1204:
>189a	79 2b 3f 00				.byte	$79,$2b,$3f,0
>189e	05					.byte	EndCode1205-*-1
.189f	c0 00		cpy #$00		cpy #0
>18a1	93					.byte $93
.18a2	10 fe		bpl $18a2		bpl *
.18a4					EndCode1205:
>18a4	79 2d 3f 00				.byte	$79,$2d,$3f,0
>18a8	05					.byte	EndCode1206-*-1
.18a9	c0 00		cpy #$00		cpy #0
>18ab	93					.byte $93
.18ac	30 fe		bmi $18ac		bmi *
.18ae					EndCode1206:
>18ae	2d 61 00				.byte	$2d,$61,0
>18b1	03					.byte	EndCode1207-*-1
.18b2	49 ff		eor #$ff		eor  #$FF
.18b4	1a		inc a			inc  a
.18b5					EndCode1207:
>18b5	2d 72 00				.byte	$2d,$72,0
>18b8	0c					.byte	EndCode1208-*-1
.18b9	48		pha			pha
.18ba	8a		txa			txa
.18bb	49 ff		eor #$ff		eor  #$FF
.18bd	aa		tax			tax
.18be	68		pla			pla
.18bf	49 ff		eor #$ff		eor  #$FF
.18c1	1a		inc a			inc  a
.18c2	d0 01		bne $18c5		bne  *+3
.18c4	e8		inx			inx
.18c5					EndCode1208:
>18c5	5e 61 00				.byte	$5e,$61,0
>18c8	02					.byte	EndCode1209-*-1
.18c9	49 ff		eor #$ff		eor  #$FF
.18cb					EndCode1209:
>18cb	5e 72 00				.byte	$5e,$72,0
>18ce	08					.byte	EndCode1210-*-1
.18cf	48		pha			pha
.18d0	8a		txa			txa
.18d1	49 ff		eor #$ff		eor  #$FF
.18d3	aa		tax			tax
.18d4	68		pla			pla
.18d5	49 ff		eor #$ff		eor  #$FF
.18d7					EndCode1210:
>18d7	69 66 00				.byte	$69,$66,0
>18da	02					.byte	EndCode1211-*-1
>18db	a3 0b					.byte	$a3,$0b
.18dd					EndCode1211:
>18dd	42 00					.byte	$42,0
>18df	04					.byte	EndCode1212-*-1
.18e0	a9 63		lda #$63		lda  #$63
.18e2	a2 73		ldx #$73		ldx  #$73
.18e4					EndCode1212:
>18e4	43 00					.byte	$43,0
>18e6	05					.byte	EndCode1213-*-1
.18e7	ad 63 73	lda $7363		lda  $7363
.18ea	a2 00		ldx #$00		ldx  #0
.18ec					EndCode1213:
>18ec	49 00					.byte	$49,0
>18ee	04					.byte	EndCode1214-*-1
.18ef	a5 63		lda $63			lda  $63
.18f1	a6 83		ldx $83			ldx  $83
.18f3					EndCode1214:
>18f3	4c 00					.byte	$4c,0
>18f5	06					.byte	EndCode1215-*-1
.18f6	ad 63 73	lda $7363		lda  $7363
.18f9	ae 83 73	ldx $7383		ldx  $7383
.18fc					EndCode1215:
>18fc	53 00					.byte	$53,0
>18fe	04					.byte	EndCode1216-*-1
.18ff	a5 63		lda $63			lda  $63
.1901	a2 00		ldx #$00		ldx  #0
.1903					EndCode1216:
>1903	57 00					.byte	$57,0
>1905	04					.byte	EndCode1217-*-1
.1906	a9 63		lda #$63		lda  #$63
.1908	a2 73		ldx #$73		ldx  #$73
.190a					EndCode1217:
>190a	00					.byte	0

;******  End of listing
