zbyte ww
word vv
proc a.start()
word vv
repeat
--vv
	8003 : 48 H
	8004 : ad .
	8005 : 02 .
	8006 : 06 .
	8007 : d0 .
	8008 : 03 .
	8009 : ce .
	800a : 03 .
	800b : 06 .
	800c : ce .
	800d : 02 .
	800e : 06 .
	800f : 68 h
R=vv
	8010 : ad .
	8011 : 02 .
	8012 : 06 .
	8013 : ae .
	8014 : 03 .
	8015 : 06 .
R=?
	8016 : c9 .
	8017 : 00 .
	8018 : d0 .
	8019 : 02 .
	801a : e0 .
	801b : 00 .
until
	801c : d0 .
	801d : 00 .
	801d : e2 [PATCH]
endproc
	801e : 60 `
proc main()
interruptoff
	801f : 78 x
R&vv
	8020 : 2d -
	8021 : 00 .
	8022 : 06 .
	8023 : 48 H
	8024 : 8a .
	8025 : 2d -
	8026 : 01 .
	8027 : 06 .
	8028 : aa .
	8029 : 68 h
a.start(4)
	802a : a9 .
	802b : 04 .
	802c : a2 .
	802d : 00 .
	802e : 20 .
	802f : 00 .
	8030 : 80 .
interrupt.on
	8031 : 58 X
endproc
	8032 : 60 `
